<?xml version="1.0" encoding="UTF-8"?>
<!-- Generated by org.testng.reporters.JUnitReportReporter -->
<testsuite hostname="KALYAN" failures="0" tests="1" name="practice.RuntimeParameter" time="0.033" errors="0" timestamp="2022-03-23T12:18:53 IST" skipped="0">
  <testcase classname="practice.RuntimeParameter" name="param" time="0.033"/>
  <system-out/>
</testsuite> <!-- practice.RuntimeParameter -->
