<?xml version="1.0" encoding="UTF-8"?>
<!-- Generated by org.testng.reporters.JUnitReportReporter -->
<testsuite hostname="KALYAN" failures="0" tests="1" name="com.crm.vtiger.OrganizationTest" time="0.014" errors="0" timestamp="2022-03-28T13:54:51 IST" skipped="0">
  <testcase classname="com.crm.vtiger.OrganizationTest" name="org" time="0.014"/>
  <system-out/>
</testsuite> <!-- com.crm.vtiger.OrganizationTest -->
