<?xml version="1.0" encoding="UTF-8"?>
<!-- Generated by org.testng.reporters.JUnitReportReporter -->
<testsuite hostname="KALYAN" failures="0" tests="1" name="com.crm.vtiger.LoginTest" time="0.012" errors="0" timestamp="2022-03-28T13:54:51 IST" skipped="0">
  <testcase classname="com.crm.vtiger.LoginTest" name="login" time="0.012"/>
  <system-out/>
</testsuite> <!-- com.crm.vtiger.LoginTest -->
