<?xml version="1.0" encoding="UTF-8"?>
<!-- Generated by org.testng.reporters.JUnitReportReporter -->
<testsuite hostname="KALYAN" failures="0" tests="1" name="com.crm.vtiger.VtigerLoginTest" time="33.270" errors="0" timestamp="2022-03-23T18:29:25 IST" skipped="0">
  <testcase classname="com.crm.vtiger.VtigerLoginTest" name="test" time="33.270"/>
  <system-out/>
</testsuite> <!-- com.crm.vtiger.VtigerLoginTest -->
